[    5783ms] [WARNING] The resource http://localhost:3000/trackstone-property.png was preloaded using link preload but not used within a few seconds from the window's load event. Please make sure it has an appropriate `as` value and it is preloaded intentionally. @ http://localhost:3000/projects:0
[    5784ms] [WARNING] The resource http://localhost:3000/zoizo-hero.png was preloaded using link preload but not used within a few seconds from the window's load event. Please make sure it has an appropriate `as` value and it is preloaded intentionally. @ http://localhost:3000/projects:0
[    5784ms] [WARNING] The resource http://localhost:3000/trackstone-listings.png was preloaded using link preload but not used within a few seconds from the window's load event. Please make sure it has an appropriate `as` value and it is preloaded intentionally. @ http://localhost:3000/projects:0
[    5784ms] [WARNING] The resource http://localhost:3000/ensal-model.png was preloaded using link preload but not used within a few seconds from the window's load event. Please make sure it has an appropriate `as` value and it is preloaded intentionally. @ http://localhost:3000/projects:0
[    5784ms] [WARNING] The resource http://localhost:3000/upfluence-wireframe.png was preloaded using link preload but not used within a few seconds from the window's load event. Please make sure it has an appropriate `as` value and it is preloaded intentionally. @ http://localhost:3000/projects:0
[    5784ms] [WARNING] The resource http://localhost:3000/hckrs-logo.png was preloaded using link preload but not used within a few seconds from the window's load event. Please make sure it has an appropriate `as` value and it is preloaded intentionally. @ http://localhost:3000/projects:0
[    5784ms] [WARNING] The resource http://localhost:3000/oiko-login.png was preloaded using link preload but not used within a few seconds from the window's load event. Please make sure it has an appropriate `as` value and it is preloaded intentionally. @ http://localhost:3000/projects:0
[    5784ms] [WARNING] The resource http://localhost:3000/upfluence-dashboard.png was preloaded using link preload but not used within a few seconds from the window's load event. Please make sure it has an appropriate `as` value and it is preloaded intentionally. @ http://localhost:3000/projects:0
[    5784ms] [WARNING] The resource http://localhost:3000/trackstone-simulation.png was preloaded using link preload but not used within a few seconds from the window's load event. Please make sure it has an appropriate `as` value and it is preloaded intentionally. @ http://localhost:3000/projects:0
[    5784ms] [WARNING] The resource http://localhost:3000/nelio-delivery.png was preloaded using link preload but not used within a few seconds from the window's load event. Please make sure it has an appropriate `as` value and it is preloaded intentionally. @ http://localhost:3000/projects:0
[    5784ms] [WARNING] The resource http://localhost:3000/zoizo-mission.png was preloaded using link preload but not used within a few seconds from the window's load event. Please make sure it has an appropriate `as` value and it is preloaded intentionally. @ http://localhost:3000/projects:0
[    5784ms] [WARNING] The resource http://localhost:3000/softrh-article.png was preloaded using link preload but not used within a few seconds from the window's load event. Please make sure it has an appropriate `as` value and it is preloaded intentionally. @ http://localhost:3000/projects:0
[    5784ms] [WARNING] The resource http://localhost:3000/nelio-home.png was preloaded using link preload but not used within a few seconds from the window's load event. Please make sure it has an appropriate `as` value and it is preloaded intentionally. @ http://localhost:3000/projects:0
[    5784ms] [WARNING] The resource http://localhost:3000/photos/p3/5.jpeg was preloaded using link preload but not used within a few seconds from the window's load event. Please make sure it has an appropriate `as` value and it is preloaded intentionally. @ http://localhost:3000/projects:0
[    5784ms] [WARNING] The resource http://localhost:3000/zoizo-product.png was preloaded using link preload but not used within a few seconds from the window's load event. Please make sure it has an appropriate `as` value and it is preloaded intentionally. @ http://localhost:3000/projects:0
[    5784ms] [WARNING] The resource http://localhost:3000/hckrs-map.png was preloaded using link preload but not used within a few seconds from the window's load event. Please make sure it has an appropriate `as` value and it is preloaded intentionally. @ http://localhost:3000/projects:0
[    5784ms] [WARNING] The resource http://localhost:3000/hckrs-cards.png was preloaded using link preload but not used within a few seconds from the window's load event. Please make sure it has an appropriate `as` value and it is preloaded intentionally. @ http://localhost:3000/projects:0
[    5784ms] [WARNING] The resource http://localhost:3000/softrh-hrdb.png was preloaded using link preload but not used within a few seconds from the window's load event. Please make sure it has an appropriate `as` value and it is preloaded intentionally. @ http://localhost:3000/projects:0
[    5784ms] [WARNING] The resource http://localhost:3000/upfluence-campaigns.png was preloaded using link preload but not used within a few seconds from the window's load event. Please make sure it has an appropriate `as` value and it is preloaded intentionally. @ http://localhost:3000/projects:0
[    5784ms] [WARNING] The resource http://localhost:3000/nelio-app.png was preloaded using link preload but not used within a few seconds from the window's load event. Please make sure it has an appropriate `as` value and it is preloaded intentionally. @ http://localhost:3000/projects:0
[    5784ms] [WARNING] The resource http://localhost:3000/trackstone-landing.png was preloaded using link preload but not used within a few seconds from the window's load event. Please make sure it has an appropriate `as` value and it is preloaded intentionally. @ http://localhost:3000/projects:0
[    5784ms] [WARNING] The resource http://localhost:3000/hckrs-profile.png was preloaded using link preload but not used within a few seconds from the window's load event. Please make sure it has an appropriate `as` value and it is preloaded intentionally. @ http://localhost:3000/projects:0
[    5784ms] [WARNING] The resource http://localhost:3000/ensal-studio.png was preloaded using link preload but not used within a few seconds from the window's load event. Please make sure it has an appropriate `as` value and it is preloaded intentionally. @ http://localhost:3000/projects:0
[   48971ms] [WARNING] The resource http://localhost:3000/trackstone-property.png was preloaded using link preload but not used within a few seconds from the window's load event. Please make sure it has an appropriate `as` value and it is preloaded intentionally. @ http://localhost:3000/projects#rleads:0
[   48971ms] [WARNING] The resource http://localhost:3000/zoizo-hero.png was preloaded using link preload but not used within a few seconds from the window's load event. Please make sure it has an appropriate `as` value and it is preloaded intentionally. @ http://localhost:3000/projects#rleads:0
[   48971ms] [WARNING] The resource http://localhost:3000/trackstone-listings.png was preloaded using link preload but not used within a few seconds from the window's load event. Please make sure it has an appropriate `as` value and it is preloaded intentionally. @ http://localhost:3000/projects#rleads:0
[   48971ms] [WARNING] The resource http://localhost:3000/ensal-model.png was preloaded using link preload but not used within a few seconds from the window's load event. Please make sure it has an appropriate `as` value and it is preloaded intentionally. @ http://localhost:3000/projects#rleads:0
[   48971ms] [WARNING] The resource http://localhost:3000/hckrs-logo.png was preloaded using link preload but not used within a few seconds from the window's load event. Please make sure it has an appropriate `as` value and it is preloaded intentionally. @ http://localhost:3000/projects#rleads:0
[   48971ms] [WARNING] The resource http://localhost:3000/upfluence-wireframe.png was preloaded using link preload but not used within a few seconds from the window's load event. Please make sure it has an appropriate `as` value and it is preloaded intentionally. @ http://localhost:3000/projects#rleads:0
[   48971ms] [WARNING] The resource http://localhost:3000/oiko-login.png was preloaded using link preload but not used within a few seconds from the window's load event. Please make sure it has an appropriate `as` value and it is preloaded intentionally. @ http://localhost:3000/projects#rleads:0
[   48971ms] [WARNING] The resource http://localhost:3000/upfluence-dashboard.png was preloaded using link preload but not used within a few seconds from the window's load event. Please make sure it has an appropriate `as` value and it is preloaded intentionally. @ http://localhost:3000/projects#rleads:0
[   48971ms] [WARNING] The resource http://localhost:3000/trackstone-simulation.png was preloaded using link preload but not used within a few seconds from the window's load event. Please make sure it has an appropriate `as` value and it is preloaded intentionally. @ http://localhost:3000/projects#rleads:0
[   48972ms] [WARNING] The resource http://localhost:3000/nelio-delivery.png was preloaded using link preload but not used within a few seconds from the window's load event. Please make sure it has an appropriate `as` value and it is preloaded intentionally. @ http://localhost:3000/projects#rleads:0
[   48972ms] [WARNING] The resource http://localhost:3000/zoizo-mission.png was preloaded using link preload but not used within a few seconds from the window's load event. Please make sure it has an appropriate `as` value and it is preloaded intentionally. @ http://localhost:3000/projects#rleads:0
[   48972ms] [WARNING] The resource http://localhost:3000/softrh-article.png was preloaded using link preload but not used within a few seconds from the window's load event. Please make sure it has an appropriate `as` value and it is preloaded intentionally. @ http://localhost:3000/projects#rleads:0
[   48972ms] [WARNING] The resource http://localhost:3000/nelio-home.png was preloaded using link preload but not used within a few seconds from the window's load event. Please make sure it has an appropriate `as` value and it is preloaded intentionally. @ http://localhost:3000/projects#rleads:0
[   48972ms] [WARNING] The resource http://localhost:3000/photos/p3/5.jpeg was preloaded using link preload but not used within a few seconds from the window's load event. Please make sure it has an appropriate `as` value and it is preloaded intentionally. @ http://localhost:3000/projects#rleads:0
[   48972ms] [WARNING] The resource http://localhost:3000/zoizo-product.png was preloaded using link preload but not used within a few seconds from the window's load event. Please make sure it has an appropriate `as` value and it is preloaded intentionally. @ http://localhost:3000/projects#rleads:0
[   48972ms] [WARNING] The resource http://localhost:3000/hckrs-map.png was preloaded using link preload but not used within a few seconds from the window's load event. Please make sure it has an appropriate `as` value and it is preloaded intentionally. @ http://localhost:3000/projects#rleads:0
[   48972ms] [WARNING] The resource http://localhost:3000/hckrs-cards.png was preloaded using link preload but not used within a few seconds from the window's load event. Please make sure it has an appropriate `as` value and it is preloaded intentionally. @ http://localhost:3000/projects#rleads:0
[   48972ms] [WARNING] The resource http://localhost:3000/softrh-hrdb.png was preloaded using link preload but not used within a few seconds from the window's load event. Please make sure it has an appropriate `as` value and it is preloaded intentionally. @ http://localhost:3000/projects#rleads:0
[   48972ms] [WARNING] The resource http://localhost:3000/upfluence-campaigns.png was preloaded using link preload but not used within a few seconds from the window's load event. Please make sure it has an appropriate `as` value and it is preloaded intentionally. @ http://localhost:3000/projects#rleads:0
[   48972ms] [WARNING] The resource http://localhost:3000/nelio-app.png was preloaded using link preload but not used within a few seconds from the window's load event. Please make sure it has an appropriate `as` value and it is preloaded intentionally. @ http://localhost:3000/projects#rleads:0
[   48972ms] [WARNING] The resource http://localhost:3000/trackstone-landing.png was preloaded using link preload but not used within a few seconds from the window's load event. Please make sure it has an appropriate `as` value and it is preloaded intentionally. @ http://localhost:3000/projects#rleads:0
[   48972ms] [WARNING] The resource http://localhost:3000/hckrs-profile.png was preloaded using link preload but not used within a few seconds from the window's load event. Please make sure it has an appropriate `as` value and it is preloaded intentionally. @ http://localhost:3000/projects#rleads:0
[   48972ms] [WARNING] The resource http://localhost:3000/ensal-studio.png was preloaded using link preload but not used within a few seconds from the window's load event. Please make sure it has an appropriate `as` value and it is preloaded intentionally. @ http://localhost:3000/projects#rleads:0
[  256388ms] [WARNING] The resource http://localhost:3000/trackstone-property.png was preloaded using link preload but not used within a few seconds from the window's load event. Please make sure it has an appropriate `as` value and it is preloaded intentionally. @ http://localhost:3000/projects#zoizo:0
[  256389ms] [WARNING] The resource http://localhost:3000/ensal-model.png was preloaded using link preload but not used within a few seconds from the window's load event. Please make sure it has an appropriate `as` value and it is preloaded intentionally. @ http://localhost:3000/projects#zoizo:0
[  256389ms] [WARNING] The resource http://localhost:3000/trackstone-listings.png was preloaded using link preload but not used within a few seconds from the window's load event. Please make sure it has an appropriate `as` value and it is preloaded intentionally. @ http://localhost:3000/projects#zoizo:0
[  256389ms] [WARNING] The resource http://localhost:3000/hckrs-map.png was preloaded using link preload but not used within a few seconds from the window's load event. Please make sure it has an appropriate `as` value and it is preloaded intentionally. @ http://localhost:3000/projects#zoizo:0
[  256389ms] [WARNING] The resource http://localhost:3000/hckrs-logo.png was preloaded using link preload but not used within a few seconds from the window's load event. Please make sure it has an appropriate `as` value and it is preloaded intentionally. @ http://localhost:3000/projects#zoizo:0
[  256389ms] [WARNING] The resource http://localhost:3000/upfluence-wireframe.png was preloaded using link preload but not used within a few seconds from the window's load event. Please make sure it has an appropriate `as` value and it is preloaded intentionally. @ http://localhost:3000/projects#zoizo:0
[  256389ms] [WARNING] The resource http://localhost:3000/hckrs-cards.png was preloaded using link preload but not used within a few seconds from the window's load event. Please make sure it has an appropriate `as` value and it is preloaded intentionally. @ http://localhost:3000/projects#zoizo:0
[  256389ms] [WARNING] The resource http://localhost:3000/oiko-login.png was preloaded using link preload but not used within a few seconds from the window's load event. Please make sure it has an appropriate `as` value and it is preloaded intentionally. @ http://localhost:3000/projects#zoizo:0
[  256389ms] [WARNING] The resource http://localhost:3000/upfluence-dashboard.png was preloaded using link preload but not used within a few seconds from the window's load event. Please make sure it has an appropriate `as` value and it is preloaded intentionally. @ http://localhost:3000/projects#zoizo:0
[  256389ms] [WARNING] The resource http://localhost:3000/softrh-hrdb.png was preloaded using link preload but not used within a few seconds from the window's load event. Please make sure it has an appropriate `as` value and it is preloaded intentionally. @ http://localhost:3000/projects#zoizo:0
[  256389ms] [WARNING] The resource http://localhost:3000/upfluence-campaigns.png was preloaded using link preload but not used within a few seconds from the window's load event. Please make sure it has an appropriate `as` value and it is preloaded intentionally. @ http://localhost:3000/projects#zoizo:0
[  256389ms] [WARNING] The resource http://localhost:3000/trackstone-simulation.png was preloaded using link preload but not used within a few seconds from the window's load event. Please make sure it has an appropriate `as` value and it is preloaded intentionally. @ http://localhost:3000/projects#zoizo:0
[  256389ms] [WARNING] The resource http://localhost:3000/nelio-delivery.png was preloaded using link preload but not used within a few seconds from the window's load event. Please make sure it has an appropriate `as` value and it is preloaded intentionally. @ http://localhost:3000/projects#zoizo:0
[  256389ms] [WARNING] The resource http://localhost:3000/nelio-app.png was preloaded using link preload but not used within a few seconds from the window's load event. Please make sure it has an appropriate `as` value and it is preloaded intentionally. @ http://localhost:3000/projects#zoizo:0
[  256389ms] [WARNING] The resource http://localhost:3000/trackstone-landing.png was preloaded using link preload but not used within a few seconds from the window's load event. Please make sure it has an appropriate `as` value and it is preloaded intentionally. @ http://localhost:3000/projects#zoizo:0
[  256389ms] [WARNING] The resource http://localhost:3000/hckrs-profile.png was preloaded using link preload but not used within a few seconds from the window's load event. Please make sure it has an appropriate `as` value and it is preloaded intentionally. @ http://localhost:3000/projects#zoizo:0
[  256389ms] [WARNING] The resource http://localhost:3000/softrh-article.png was preloaded using link preload but not used within a few seconds from the window's load event. Please make sure it has an appropriate `as` value and it is preloaded intentionally. @ http://localhost:3000/projects#zoizo:0
[  256389ms] [WARNING] The resource http://localhost:3000/ensal-studio.png was preloaded using link preload but not used within a few seconds from the window's load event. Please make sure it has an appropriate `as` value and it is preloaded intentionally. @ http://localhost:3000/projects#zoizo:0
[  256389ms] [WARNING] The resource http://localhost:3000/nelio-home.png was preloaded using link preload but not used within a few seconds from the window's load event. Please make sure it has an appropriate `as` value and it is preloaded intentionally. @ http://localhost:3000/projects#zoizo:0
[  256389ms] [WARNING] The resource http://localhost:3000/photos/p3/5.jpeg was preloaded using link preload but not used within a few seconds from the window's load event. Please make sure it has an appropriate `as` value and it is preloaded intentionally. @ http://localhost:3000/projects#zoizo:0
[  282490ms] [WARNING] The resource http://localhost:3000/trackstone-property.png was preloaded using link preload but not used within a few seconds from the window's load event. Please make sure it has an appropriate `as` value and it is preloaded intentionally. @ http://localhost:3000/projects#rleads:0
[  282490ms] [WARNING] The resource http://localhost:3000/ensal-model.png was preloaded using link preload but not used within a few seconds from the window's load event. Please make sure it has an appropriate `as` value and it is preloaded intentionally. @ http://localhost:3000/projects#rleads:0
[  282490ms] [WARNING] The resource http://localhost:3000/trackstone-listings.png was preloaded using link preload but not used within a few seconds from the window's load event. Please make sure it has an appropriate `as` value and it is preloaded intentionally. @ http://localhost:3000/projects#rleads:0
[  282490ms] [WARNING] The resource http://localhost:3000/hckrs-map.png was preloaded using link preload but not used within a few seconds from the window's load event. Please make sure it has an appropriate `as` value and it is preloaded intentionally. @ http://localhost:3000/projects#rleads:0
[  282490ms] [WARNING] The resource http://localhost:3000/hckrs-logo.png was preloaded using link preload but not used within a few seconds from the window's load event. Please make sure it has an appropriate `as` value and it is preloaded intentionally. @ http://localhost:3000/projects#rleads:0
[  282490ms] [WARNING] The resource http://localhost:3000/upfluence-wireframe.png was preloaded using link preload but not used within a few seconds from the window's load event. Please make sure it has an appropriate `as` value and it is preloaded intentionally. @ http://localhost:3000/projects#rleads:0
[  282490ms] [WARNING] The resource http://localhost:3000/hckrs-cards.png was preloaded using link preload but not used within a few seconds from the window's load event. Please make sure it has an appropriate `as` value and it is preloaded intentionally. @ http://localhost:3000/projects#rleads:0
[  282490ms] [WARNING] The resource http://localhost:3000/oiko-login.png was preloaded using link preload but not used within a few seconds from the window's load event. Please make sure it has an appropriate `as` value and it is preloaded intentionally. @ http://localhost:3000/projects#rleads:0
[  282490ms] [WARNING] The resource http://localhost:3000/upfluence-dashboard.png was preloaded using link preload but not used within a few seconds from the window's load event. Please make sure it has an appropriate `as` value and it is preloaded intentionally. @ http://localhost:3000/projects#rleads:0
[  282490ms] [WARNING] The resource http://localhost:3000/softrh-hrdb.png was preloaded using link preload but not used within a few seconds from the window's load event. Please make sure it has an appropriate `as` value and it is preloaded intentionally. @ http://localhost:3000/projects#rleads:0
[  282490ms] [WARNING] The resource http://localhost:3000/upfluence-campaigns.png was preloaded using link preload but not used within a few seconds from the window's load event. Please make sure it has an appropriate `as` value and it is preloaded intentionally. @ http://localhost:3000/projects#rleads:0
[  282490ms] [WARNING] The resource http://localhost:3000/trackstone-simulation.png was preloaded using link preload but not used within a few seconds from the window's load event. Please make sure it has an appropriate `as` value and it is preloaded intentionally. @ http://localhost:3000/projects#rleads:0
[  282490ms] [WARNING] The resource http://localhost:3000/nelio-delivery.png was preloaded using link preload but not used within a few seconds from the window's load event. Please make sure it has an appropriate `as` value and it is preloaded intentionally. @ http://localhost:3000/projects#rleads:0
[  282490ms] [WARNING] The resource http://localhost:3000/nelio-app.png was preloaded using link preload but not used within a few seconds from the window's load event. Please make sure it has an appropriate `as` value and it is preloaded intentionally. @ http://localhost:3000/projects#rleads:0
[  282490ms] [WARNING] The resource http://localhost:3000/trackstone-landing.png was preloaded using link preload but not used within a few seconds from the window's load event. Please make sure it has an appropriate `as` value and it is preloaded intentionally. @ http://localhost:3000/projects#rleads:0
[  282490ms] [WARNING] The resource http://localhost:3000/hckrs-profile.png was preloaded using link preload but not used within a few seconds from the window's load event. Please make sure it has an appropriate `as` value and it is preloaded intentionally. @ http://localhost:3000/projects#rleads:0
[  282490ms] [WARNING] The resource http://localhost:3000/softrh-article.png was preloaded using link preload but not used within a few seconds from the window's load event. Please make sure it has an appropriate `as` value and it is preloaded intentionally. @ http://localhost:3000/projects#rleads:0
[  282490ms] [WARNING] The resource http://localhost:3000/ensal-studio.png was preloaded using link preload but not used within a few seconds from the window's load event. Please make sure it has an appropriate `as` value and it is preloaded intentionally. @ http://localhost:3000/projects#rleads:0
[  282490ms] [WARNING] The resource http://localhost:3000/nelio-home.png was preloaded using link preload but not used within a few seconds from the window's load event. Please make sure it has an appropriate `as` value and it is preloaded intentionally. @ http://localhost:3000/projects#rleads:0
[  282490ms] [WARNING] The resource http://localhost:3000/photos/p3/5.jpeg was preloaded using link preload but not used within a few seconds from the window's load event. Please make sure it has an appropriate `as` value and it is preloaded intentionally. @ http://localhost:3000/projects#rleads:0
[  289964ms] [WARNING] The resource http://localhost:3000/trackstone-property.png was preloaded using link preload but not used within a few seconds from the window's load event. Please make sure it has an appropriate `as` value and it is preloaded intentionally. @ http://localhost:3000/projects#rleads:0
[  289964ms] [WARNING] The resource http://localhost:3000/ensal-model.png was preloaded using link preload but not used within a few seconds from the window's load event. Please make sure it has an appropriate `as` value and it is preloaded intentionally. @ http://localhost:3000/projects#rleads:0
[  289964ms] [WARNING] The resource http://localhost:3000/trackstone-listings.png was preloaded using link preload but not used within a few seconds from the window's load event. Please make sure it has an appropriate `as` value and it is preloaded intentionally. @ http://localhost:3000/projects#rleads:0
[  289964ms] [WARNING] The resource http://localhost:3000/hckrs-map.png was preloaded using link preload but not used within a few seconds from the window's load event. Please make sure it has an appropriate `as` value and it is preloaded intentionally. @ http://localhost:3000/projects#rleads:0
[  289964ms] [WARNING] The resource http://localhost:3000/hckrs-logo.png was preloaded using link preload but not used within a few seconds from the window's load event. Please make sure it has an appropriate `as` value and it is preloaded intentionally. @ http://localhost:3000/projects#rleads:0
[  289964ms] [WARNING] The resource http://localhost:3000/upfluence-wireframe.png was preloaded using link preload but not used within a few seconds from the window's load event. Please make sure it has an appropriate `as` value and it is preloaded intentionally. @ http://localhost:3000/projects#rleads:0
[  289964ms] [WARNING] The resource http://localhost:3000/hckrs-cards.png was preloaded using link preload but not used within a few seconds from the window's load event. Please make sure it has an appropriate `as` value and it is preloaded intentionally. @ http://localhost:3000/projects#rleads:0
[  289964ms] [WARNING] The resource http://localhost:3000/oiko-login.png was preloaded using link preload but not used within a few seconds from the window's load event. Please make sure it has an appropriate `as` value and it is preloaded intentionally. @ http://localhost:3000/projects#rleads:0
[  289964ms] [WARNING] The resource http://localhost:3000/upfluence-dashboard.png was preloaded using link preload but not used within a few seconds from the window's load event. Please make sure it has an appropriate `as` value and it is preloaded intentionally. @ http://localhost:3000/projects#rleads:0
[  289964ms] [WARNING] The resource http://localhost:3000/softrh-hrdb.png was preloaded using link preload but not used within a few seconds from the window's load event. Please make sure it has an appropriate `as` value and it is preloaded intentionally. @ http://localhost:3000/projects#rleads:0
[  289964ms] [WARNING] The resource http://localhost:3000/upfluence-campaigns.png was preloaded using link preload but not used within a few seconds from the window's load event. Please make sure it has an appropriate `as` value and it is preloaded intentionally. @ http://localhost:3000/projects#rleads:0
[  289964ms] [WARNING] The resource http://localhost:3000/trackstone-simulation.png was preloaded using link preload but not used within a few seconds from the window's load event. Please make sure it has an appropriate `as` value and it is preloaded intentionally. @ http://localhost:3000/projects#rleads:0
[  289964ms] [WARNING] The resource http://localhost:3000/nelio-delivery.png was preloaded using link preload but not used within a few seconds from the window's load event. Please make sure it has an appropriate `as` value and it is preloaded intentionally. @ http://localhost:3000/projects#rleads:0
[  289964ms] [WARNING] The resource http://localhost:3000/nelio-app.png was preloaded using link preload but not used within a few seconds from the window's load event. Please make sure it has an appropriate `as` value and it is preloaded intentionally. @ http://localhost:3000/projects#rleads:0
[  289964ms] [WARNING] The resource http://localhost:3000/trackstone-landing.png was preloaded using link preload but not used within a few seconds from the window's load event. Please make sure it has an appropriate `as` value and it is preloaded intentionally. @ http://localhost:3000/projects#rleads:0
[  289964ms] [WARNING] The resource http://localhost:3000/hckrs-profile.png was preloaded using link preload but not used within a few seconds from the window's load event. Please make sure it has an appropriate `as` value and it is preloaded intentionally. @ http://localhost:3000/projects#rleads:0
[  289964ms] [WARNING] The resource http://localhost:3000/softrh-article.png was preloaded using link preload but not used within a few seconds from the window's load event. Please make sure it has an appropriate `as` value and it is preloaded intentionally. @ http://localhost:3000/projects#rleads:0
[  289964ms] [WARNING] The resource http://localhost:3000/ensal-studio.png was preloaded using link preload but not used within a few seconds from the window's load event. Please make sure it has an appropriate `as` value and it is preloaded intentionally. @ http://localhost:3000/projects#rleads:0
[  289964ms] [WARNING] The resource http://localhost:3000/nelio-home.png was preloaded using link preload but not used within a few seconds from the window's load event. Please make sure it has an appropriate `as` value and it is preloaded intentionally. @ http://localhost:3000/projects#rleads:0
[  289964ms] [WARNING] The resource http://localhost:3000/photos/p3/5.jpeg was preloaded using link preload but not used within a few seconds from the window's load event. Please make sure it has an appropriate `as` value and it is preloaded intentionally. @ http://localhost:3000/projects#rleads:0
[  302213ms] [WARNING] The resource http://localhost:3000/trackstone-property.png was preloaded using link preload but not used within a few seconds from the window's load event. Please make sure it has an appropriate `as` value and it is preloaded intentionally. @ http://localhost:3000/projects#rleads:0
[  302214ms] [WARNING] The resource http://localhost:3000/zoizo-hero.png was preloaded using link preload but not used within a few seconds from the window's load event. Please make sure it has an appropriate `as` value and it is preloaded intentionally. @ http://localhost:3000/projects#rleads:0
[  302214ms] [WARNING] The resource http://localhost:3000/trackstone-listings.png was preloaded using link preload but not used within a few seconds from the window's load event. Please make sure it has an appropriate `as` value and it is preloaded intentionally. @ http://localhost:3000/projects#rleads:0
[  302214ms] [WARNING] The resource http://localhost:3000/ensal-model.png was preloaded using link preload but not used within a few seconds from the window's load event. Please make sure it has an appropriate `as` value and it is preloaded intentionally. @ http://localhost:3000/projects#rleads:0
[  302214ms] [WARNING] The resource http://localhost:3000/hckrs-logo.png was preloaded using link preload but not used within a few seconds from the window's load event. Please make sure it has an appropriate `as` value and it is preloaded intentionally. @ http://localhost:3000/projects#rleads:0
[  302214ms] [WARNING] The resource http://localhost:3000/upfluence-wireframe.png was preloaded using link preload but not used within a few seconds from the window's load event. Please make sure it has an appropriate `as` value and it is preloaded intentionally. @ http://localhost:3000/projects#rleads:0
[  302214ms] [WARNING] The resource http://localhost:3000/oiko-login.png was preloaded using link preload but not used within a few seconds from the window's load event. Please make sure it has an appropriate `as` value and it is preloaded intentionally. @ http://localhost:3000/projects#rleads:0
[  302214ms] [WARNING] The resource http://localhost:3000/upfluence-dashboard.png was preloaded using link preload but not used within a few seconds from the window's load event. Please make sure it has an appropriate `as` value and it is preloaded intentionally. @ http://localhost:3000/projects#rleads:0
[  302214ms] [WARNING] The resource http://localhost:3000/trackstone-simulation.png was preloaded using link preload but not used within a few seconds from the window's load event. Please make sure it has an appropriate `as` value and it is preloaded intentionally. @ http://localhost:3000/projects#rleads:0
[  302214ms] [WARNING] The resource http://localhost:3000/nelio-delivery.png was preloaded using link preload but not used within a few seconds from the window's load event. Please make sure it has an appropriate `as` value and it is preloaded intentionally. @ http://localhost:3000/projects#rleads:0
[  302214ms] [WARNING] The resource http://localhost:3000/zoizo-mission.png was preloaded using link preload but not used within a few seconds from the window's load event. Please make sure it has an appropriate `as` value and it is preloaded intentionally. @ http://localhost:3000/projects#rleads:0
[  302214ms] [WARNING] The resource http://localhost:3000/softrh-article.png was preloaded using link preload but not used within a few seconds from the window's load event. Please make sure it has an appropriate `as` value and it is preloaded intentionally. @ http://localhost:3000/projects#rleads:0
[  302214ms] [WARNING] The resource http://localhost:3000/nelio-home.png was preloaded using link preload but not used within a few seconds from the window's load event. Please make sure it has an appropriate `as` value and it is preloaded intentionally. @ http://localhost:3000/projects#rleads:0
[  302214ms] [WARNING] The resource http://localhost:3000/photos/p3/5.jpeg was preloaded using link preload but not used within a few seconds from the window's load event. Please make sure it has an appropriate `as` value and it is preloaded intentionally. @ http://localhost:3000/projects#rleads:0
[  302214ms] [WARNING] The resource http://localhost:3000/zoizo-product.png was preloaded using link preload but not used within a few seconds from the window's load event. Please make sure it has an appropriate `as` value and it is preloaded intentionally. @ http://localhost:3000/projects#rleads:0
[  302214ms] [WARNING] The resource http://localhost:3000/hckrs-map.png was preloaded using link preload but not used within a few seconds from the window's load event. Please make sure it has an appropriate `as` value and it is preloaded intentionally. @ http://localhost:3000/projects#rleads:0
[  302214ms] [WARNING] The resource http://localhost:3000/hckrs-cards.png was preloaded using link preload but not used within a few seconds from the window's load event. Please make sure it has an appropriate `as` value and it is preloaded intentionally. @ http://localhost:3000/projects#rleads:0
[  302214ms] [WARNING] The resource http://localhost:3000/softrh-hrdb.png was preloaded using link preload but not used within a few seconds from the window's load event. Please make sure it has an appropriate `as` value and it is preloaded intentionally. @ http://localhost:3000/projects#rleads:0
[  302214ms] [WARNING] The resource http://localhost:3000/upfluence-campaigns.png was preloaded using link preload but not used within a few seconds from the window's load event. Please make sure it has an appropriate `as` value and it is preloaded intentionally. @ http://localhost:3000/projects#rleads:0
[  302214ms] [WARNING] The resource http://localhost:3000/nelio-app.png was preloaded using link preload but not used within a few seconds from the window's load event. Please make sure it has an appropriate `as` value and it is preloaded intentionally. @ http://localhost:3000/projects#rleads:0
[  302214ms] [WARNING] The resource http://localhost:3000/trackstone-landing.png was preloaded using link preload but not used within a few seconds from the window's load event. Please make sure it has an appropriate `as` value and it is preloaded intentionally. @ http://localhost:3000/projects#rleads:0
[  302214ms] [WARNING] The resource http://localhost:3000/hckrs-profile.png was preloaded using link preload but not used within a few seconds from the window's load event. Please make sure it has an appropriate `as` value and it is preloaded intentionally. @ http://localhost:3000/projects#rleads:0
[  302214ms] [WARNING] The resource http://localhost:3000/ensal-studio.png was preloaded using link preload but not used within a few seconds from the window's load event. Please make sure it has an appropriate `as` value and it is preloaded intentionally. @ http://localhost:3000/projects#rleads:0
[  351295ms] [WARNING] The resource http://localhost:3000/trackstone-property.png was preloaded using link preload but not used within a few seconds from the window's load event. Please make sure it has an appropriate `as` value and it is preloaded intentionally. @ http://localhost:3000/projects#rleads:0
[  351295ms] [WARNING] The resource http://localhost:3000/zoizo-hero.png was preloaded using link preload but not used within a few seconds from the window's load event. Please make sure it has an appropriate `as` value and it is preloaded intentionally. @ http://localhost:3000/projects#rleads:0
[  351295ms] [WARNING] The resource http://localhost:3000/trackstone-listings.png was preloaded using link preload but not used within a few seconds from the window's load event. Please make sure it has an appropriate `as` value and it is preloaded intentionally. @ http://localhost:3000/projects#rleads:0
[  351295ms] [WARNING] The resource http://localhost:3000/ensal-model.png was preloaded using link preload but not used within a few seconds from the window's load event. Please make sure it has an appropriate `as` value and it is preloaded intentionally. @ http://localhost:3000/projects#rleads:0
[  351295ms] [WARNING] The resource http://localhost:3000/hckrs-logo.png was preloaded using link preload but not used within a few seconds from the window's load event. Please make sure it has an appropriate `as` value and it is preloaded intentionally. @ http://localhost:3000/projects#rleads:0
[  351295ms] [WARNING] The resource http://localhost:3000/upfluence-wireframe.png was preloaded using link preload but not used within a few seconds from the window's load event. Please make sure it has an appropriate `as` value and it is preloaded intentionally. @ http://localhost:3000/projects#rleads:0
[  351295ms] [WARNING] The resource http://localhost:3000/oiko-login.png was preloaded using link preload but not used within a few seconds from the window's load event. Please make sure it has an appropriate `as` value and it is preloaded intentionally. @ http://localhost:3000/projects#rleads:0
[  351296ms] [WARNING] The resource http://localhost:3000/upfluence-dashboard.png was preloaded using link preload but not used within a few seconds from the window's load event. Please make sure it has an appropriate `as` value and it is preloaded intentionally. @ http://localhost:3000/projects#rleads:0
[  351296ms] [WARNING] The resource http://localhost:3000/trackstone-simulation.png was preloaded using link preload but not used within a few seconds from the window's load event. Please make sure it has an appropriate `as` value and it is preloaded intentionally. @ http://localhost:3000/projects#rleads:0
[  351296ms] [WARNING] The resource http://localhost:3000/nelio-delivery.png was preloaded using link preload but not used within a few seconds from the window's load event. Please make sure it has an appropriate `as` value and it is preloaded intentionally. @ http://localhost:3000/projects#rleads:0
[  351296ms] [WARNING] The resource http://localhost:3000/zoizo-mission.png was preloaded using link preload but not used within a few seconds from the window's load event. Please make sure it has an appropriate `as` value and it is preloaded intentionally. @ http://localhost:3000/projects#rleads:0
[  351296ms] [WARNING] The resource http://localhost:3000/softrh-article.png was preloaded using link preload but not used within a few seconds from the window's load event. Please make sure it has an appropriate `as` value and it is preloaded intentionally. @ http://localhost:3000/projects#rleads:0
[  351296ms] [WARNING] The resource http://localhost:3000/nelio-home.png was preloaded using link preload but not used within a few seconds from the window's load event. Please make sure it has an appropriate `as` value and it is preloaded intentionally. @ http://localhost:3000/projects#rleads:0
[  351296ms] [WARNING] The resource http://localhost:3000/photos/p3/5.jpeg was preloaded using link preload but not used within a few seconds from the window's load event. Please make sure it has an appropriate `as` value and it is preloaded intentionally. @ http://localhost:3000/projects#rleads:0
[  351296ms] [WARNING] The resource http://localhost:3000/zoizo-product.png was preloaded using link preload but not used within a few seconds from the window's load event. Please make sure it has an appropriate `as` value and it is preloaded intentionally. @ http://localhost:3000/projects#rleads:0
[  351296ms] [WARNING] The resource http://localhost:3000/hckrs-map.png was preloaded using link preload but not used within a few seconds from the window's load event. Please make sure it has an appropriate `as` value and it is preloaded intentionally. @ http://localhost:3000/projects#rleads:0
[  351296ms] [WARNING] The resource http://localhost:3000/hckrs-cards.png was preloaded using link preload but not used within a few seconds from the window's load event. Please make sure it has an appropriate `as` value and it is preloaded intentionally. @ http://localhost:3000/projects#rleads:0
[  351296ms] [WARNING] The resource http://localhost:3000/softrh-hrdb.png was preloaded using link preload but not used within a few seconds from the window's load event. Please make sure it has an appropriate `as` value and it is preloaded intentionally. @ http://localhost:3000/projects#rleads:0
[  351296ms] [WARNING] The resource http://localhost:3000/upfluence-campaigns.png was preloaded using link preload but not used within a few seconds from the window's load event. Please make sure it has an appropriate `as` value and it is preloaded intentionally. @ http://localhost:3000/projects#rleads:0
[  351296ms] [WARNING] The resource http://localhost:3000/nelio-app.png was preloaded using link preload but not used within a few seconds from the window's load event. Please make sure it has an appropriate `as` value and it is preloaded intentionally. @ http://localhost:3000/projects#rleads:0
[  351296ms] [WARNING] The resource http://localhost:3000/trackstone-landing.png was preloaded using link preload but not used within a few seconds from the window's load event. Please make sure it has an appropriate `as` value and it is preloaded intentionally. @ http://localhost:3000/projects#rleads:0
[  351296ms] [WARNING] The resource http://localhost:3000/hckrs-profile.png was preloaded using link preload but not used within a few seconds from the window's load event. Please make sure it has an appropriate `as` value and it is preloaded intentionally. @ http://localhost:3000/projects#rleads:0
[  351296ms] [WARNING] The resource http://localhost:3000/ensal-studio.png was preloaded using link preload but not used within a few seconds from the window's load event. Please make sure it has an appropriate `as` value and it is preloaded intentionally. @ http://localhost:3000/projects#rleads:0
[  355211ms] [WARNING] The resource http://localhost:3000/trackstone-property.png was preloaded using link preload but not used within a few seconds from the window's load event. Please make sure it has an appropriate `as` value and it is preloaded intentionally. @ http://localhost:3000/projects#rleads:0
[  355211ms] [WARNING] The resource http://localhost:3000/zoizo-hero.png was preloaded using link preload but not used within a few seconds from the window's load event. Please make sure it has an appropriate `as` value and it is preloaded intentionally. @ http://localhost:3000/projects#rleads:0
[  355211ms] [WARNING] The resource http://localhost:3000/trackstone-listings.png was preloaded using link preload but not used within a few seconds from the window's load event. Please make sure it has an appropriate `as` value and it is preloaded intentionally. @ http://localhost:3000/projects#rleads:0
[  355212ms] [WARNING] The resource http://localhost:3000/ensal-model.png was preloaded using link preload but not used within a few seconds from the window's load event. Please make sure it has an appropriate `as` value and it is preloaded intentionally. @ http://localhost:3000/projects#rleads:0
[  355212ms] [WARNING] The resource http://localhost:3000/hckrs-logo.png was preloaded using link preload but not used within a few seconds from the window's load event. Please make sure it has an appropriate `as` value and it is preloaded intentionally. @ http://localhost:3000/projects#rleads:0
[  355212ms] [WARNING] The resource http://localhost:3000/upfluence-wireframe.png was preloaded using link preload but not used within a few seconds from the window's load event. Please make sure it has an appropriate `as` value and it is preloaded intentionally. @ http://localhost:3000/projects#rleads:0
[  355212ms] [WARNING] The resource http://localhost:3000/oiko-login.png was preloaded using link preload but not used within a few seconds from the window's load event. Please make sure it has an appropriate `as` value and it is preloaded intentionally. @ http://localhost:3000/projects#rleads:0
[  355212ms] [WARNING] The resource http://localhost:3000/upfluence-dashboard.png was preloaded using link preload but not used within a few seconds from the window's load event. Please make sure it has an appropriate `as` value and it is preloaded intentionally. @ http://localhost:3000/projects#rleads:0
[  355212ms] [WARNING] The resource http://localhost:3000/trackstone-simulation.png was preloaded using link preload but not used within a few seconds from the window's load event. Please make sure it has an appropriate `as` value and it is preloaded intentionally. @ http://localhost:3000/projects#rleads:0
[  355212ms] [WARNING] The resource http://localhost:3000/nelio-delivery.png was preloaded using link preload but not used within a few seconds from the window's load event. Please make sure it has an appropriate `as` value and it is preloaded intentionally. @ http://localhost:3000/projects#rleads:0
[  355212ms] [WARNING] The resource http://localhost:3000/zoizo-mission.png was preloaded using link preload but not used within a few seconds from the window's load event. Please make sure it has an appropriate `as` value and it is preloaded intentionally. @ http://localhost:3000/projects#rleads:0
[  355212ms] [WARNING] The resource http://localhost:3000/softrh-article.png was preloaded using link preload but not used within a few seconds from the window's load event. Please make sure it has an appropriate `as` value and it is preloaded intentionally. @ http://localhost:3000/projects#rleads:0
[  355212ms] [WARNING] The resource http://localhost:3000/nelio-home.png was preloaded using link preload but not used within a few seconds from the window's load event. Please make sure it has an appropriate `as` value and it is preloaded intentionally. @ http://localhost:3000/projects#rleads:0
[  355212ms] [WARNING] The resource http://localhost:3000/photos/p3/5.jpeg was preloaded using link preload but not used within a few seconds from the window's load event. Please make sure it has an appropriate `as` value and it is preloaded intentionally. @ http://localhost:3000/projects#rleads:0
[  355212ms] [WARNING] The resource http://localhost:3000/zoizo-product.png was preloaded using link preload but not used within a few seconds from the window's load event. Please make sure it has an appropriate `as` value and it is preloaded intentionally. @ http://localhost:3000/projects#rleads:0
[  355212ms] [WARNING] The resource http://localhost:3000/hckrs-map.png was preloaded using link preload but not used within a few seconds from the window's load event. Please make sure it has an appropriate `as` value and it is preloaded intentionally. @ http://localhost:3000/projects#rleads:0
[  355212ms] [WARNING] The resource http://localhost:3000/hckrs-cards.png was preloaded using link preload but not used within a few seconds from the window's load event. Please make sure it has an appropriate `as` value and it is preloaded intentionally. @ http://localhost:3000/projects#rleads:0
[  355212ms] [WARNING] The resource http://localhost:3000/softrh-hrdb.png was preloaded using link preload but not used within a few seconds from the window's load event. Please make sure it has an appropriate `as` value and it is preloaded intentionally. @ http://localhost:3000/projects#rleads:0
[  355212ms] [WARNING] The resource http://localhost:3000/upfluence-campaigns.png was preloaded using link preload but not used within a few seconds from the window's load event. Please make sure it has an appropriate `as` value and it is preloaded intentionally. @ http://localhost:3000/projects#rleads:0
[  355212ms] [WARNING] The resource http://localhost:3000/nelio-app.png was preloaded using link preload but not used within a few seconds from the window's load event. Please make sure it has an appropriate `as` value and it is preloaded intentionally. @ http://localhost:3000/projects#rleads:0
[  355212ms] [WARNING] The resource http://localhost:3000/trackstone-landing.png was preloaded using link preload but not used within a few seconds from the window's load event. Please make sure it has an appropriate `as` value and it is preloaded intentionally. @ http://localhost:3000/projects#rleads:0
[  355212ms] [WARNING] The resource http://localhost:3000/hckrs-profile.png was preloaded using link preload but not used within a few seconds from the window's load event. Please make sure it has an appropriate `as` value and it is preloaded intentionally. @ http://localhost:3000/projects#rleads:0
[  355212ms] [WARNING] The resource http://localhost:3000/ensal-studio.png was preloaded using link preload but not used within a few seconds from the window's load event. Please make sure it has an appropriate `as` value and it is preloaded intentionally. @ http://localhost:3000/projects#rleads:0
[  396268ms] [WARNING] The resource http://localhost:3000/trackstone-property.png was preloaded using link preload but not used within a few seconds from the window's load event. Please make sure it has an appropriate `as` value and it is preloaded intentionally. @ http://localhost:3000/projects:0
[  396268ms] [WARNING] The resource http://localhost:3000/zoizo-hero.png was preloaded using link preload but not used within a few seconds from the window's load event. Please make sure it has an appropriate `as` value and it is preloaded intentionally. @ http://localhost:3000/projects:0
[  396268ms] [WARNING] The resource http://localhost:3000/trackstone-listings.png was preloaded using link preload but not used within a few seconds from the window's load event. Please make sure it has an appropriate `as` value and it is preloaded intentionally. @ http://localhost:3000/projects:0
[  396268ms] [WARNING] The resource http://localhost:3000/ensal-model.png was preloaded using link preload but not used within a few seconds from the window's load event. Please make sure it has an appropriate `as` value and it is preloaded intentionally. @ http://localhost:3000/projects:0
[  396268ms] [WARNING] The resource http://localhost:3000/hckrs-logo.png was preloaded using link preload but not used within a few seconds from the window's load event. Please make sure it has an appropriate `as` value and it is preloaded intentionally. @ http://localhost:3000/projects:0
[  396268ms] [WARNING] The resource http://localhost:3000/upfluence-wireframe.png was preloaded using link preload but not used within a few seconds from the window's load event. Please make sure it has an appropriate `as` value and it is preloaded intentionally. @ http://localhost:3000/projects:0
[  396268ms] [WARNING] The resource http://localhost:3000/oiko-login.png was preloaded using link preload but not used within a few seconds from the window's load event. Please make sure it has an appropriate `as` value and it is preloaded intentionally. @ http://localhost:3000/projects:0
[  396268ms] [WARNING] The resource http://localhost:3000/upfluence-dashboard.png was preloaded using link preload but not used within a few seconds from the window's load event. Please make sure it has an appropriate `as` value and it is preloaded intentionally. @ http://localhost:3000/projects:0
[  396268ms] [WARNING] The resource http://localhost:3000/trackstone-simulation.png was preloaded using link preload but not used within a few seconds from the window's load event. Please make sure it has an appropriate `as` value and it is preloaded intentionally. @ http://localhost:3000/projects:0
[  396268ms] [WARNING] The resource http://localhost:3000/nelio-delivery.png was preloaded using link preload but not used within a few seconds from the window's load event. Please make sure it has an appropriate `as` value and it is preloaded intentionally. @ http://localhost:3000/projects:0
[  396268ms] [WARNING] The resource http://localhost:3000/zoizo-mission.png was preloaded using link preload but not used within a few seconds from the window's load event. Please make sure it has an appropriate `as` value and it is preloaded intentionally. @ http://localhost:3000/projects:0
[  396268ms] [WARNING] The resource http://localhost:3000/softrh-article.png was preloaded using link preload but not used within a few seconds from the window's load event. Please make sure it has an appropriate `as` value and it is preloaded intentionally. @ http://localhost:3000/projects:0
[  396268ms] [WARNING] The resource http://localhost:3000/nelio-home.png was preloaded using link preload but not used within a few seconds from the window's load event. Please make sure it has an appropriate `as` value and it is preloaded intentionally. @ http://localhost:3000/projects:0
[  396268ms] [WARNING] The resource http://localhost:3000/photos/p3/5.jpeg was preloaded using link preload but not used within a few seconds from the window's load event. Please make sure it has an appropriate `as` value and it is preloaded intentionally. @ http://localhost:3000/projects:0
[  396268ms] [WARNING] The resource http://localhost:3000/zoizo-product.png was preloaded using link preload but not used within a few seconds from the window's load event. Please make sure it has an appropriate `as` value and it is preloaded intentionally. @ http://localhost:3000/projects:0
[  396268ms] [WARNING] The resource http://localhost:3000/hckrs-map.png was preloaded using link preload but not used within a few seconds from the window's load event. Please make sure it has an appropriate `as` value and it is preloaded intentionally. @ http://localhost:3000/projects:0
[  396268ms] [WARNING] The resource http://localhost:3000/hckrs-cards.png was preloaded using link preload but not used within a few seconds from the window's load event. Please make sure it has an appropriate `as` value and it is preloaded intentionally. @ http://localhost:3000/projects:0
[  396268ms] [WARNING] The resource http://localhost:3000/softrh-hrdb.png was preloaded using link preload but not used within a few seconds from the window's load event. Please make sure it has an appropriate `as` value and it is preloaded intentionally. @ http://localhost:3000/projects:0
[  396268ms] [WARNING] The resource http://localhost:3000/upfluence-campaigns.png was preloaded using link preload but not used within a few seconds from the window's load event. Please make sure it has an appropriate `as` value and it is preloaded intentionally. @ http://localhost:3000/projects:0
[  396268ms] [WARNING] The resource http://localhost:3000/nelio-app.png was preloaded using link preload but not used within a few seconds from the window's load event. Please make sure it has an appropriate `as` value and it is preloaded intentionally. @ http://localhost:3000/projects:0
[  396268ms] [WARNING] The resource http://localhost:3000/trackstone-landing.png was preloaded using link preload but not used within a few seconds from the window's load event. Please make sure it has an appropriate `as` value and it is preloaded intentionally. @ http://localhost:3000/projects:0
[  396268ms] [WARNING] The resource http://localhost:3000/hckrs-profile.png was preloaded using link preload but not used within a few seconds from the window's load event. Please make sure it has an appropriate `as` value and it is preloaded intentionally. @ http://localhost:3000/projects:0
[  396268ms] [WARNING] The resource http://localhost:3000/ensal-studio.png was preloaded using link preload but not used within a few seconds from the window's load event. Please make sure it has an appropriate `as` value and it is preloaded intentionally. @ http://localhost:3000/projects:0
[  401353ms] [WARNING] The resource http://localhost:3000/trackstone-property.png was preloaded using link preload but not used within a few seconds from the window's load event. Please make sure it has an appropriate `as` value and it is preloaded intentionally. @ http://localhost:3000/projects:0
[  401353ms] [WARNING] The resource http://localhost:3000/zoizo-hero.png was preloaded using link preload but not used within a few seconds from the window's load event. Please make sure it has an appropriate `as` value and it is preloaded intentionally. @ http://localhost:3000/projects:0
[  401353ms] [WARNING] The resource http://localhost:3000/trackstone-listings.png was preloaded using link preload but not used within a few seconds from the window's load event. Please make sure it has an appropriate `as` value and it is preloaded intentionally. @ http://localhost:3000/projects:0
[  401353ms] [WARNING] The resource http://localhost:3000/ensal-model.png was preloaded using link preload but not used within a few seconds from the window's load event. Please make sure it has an appropriate `as` value and it is preloaded intentionally. @ http://localhost:3000/projects:0
[  401353ms] [WARNING] The resource http://localhost:3000/hckrs-logo.png was preloaded using link preload but not used within a few seconds from the window's load event. Please make sure it has an appropriate `as` value and it is preloaded intentionally. @ http://localhost:3000/projects:0
[  401353ms] [WARNING] The resource http://localhost:3000/upfluence-wireframe.png was preloaded using link preload but not used within a few seconds from the window's load event. Please make sure it has an appropriate `as` value and it is preloaded intentionally. @ http://localhost:3000/projects:0
[  401353ms] [WARNING] The resource http://localhost:3000/oiko-login.png was preloaded using link preload but not used within a few seconds from the window's load event. Please make sure it has an appropriate `as` value and it is preloaded intentionally. @ http://localhost:3000/projects:0
[  401353ms] [WARNING] The resource http://localhost:3000/upfluence-dashboard.png was preloaded using link preload but not used within a few seconds from the window's load event. Please make sure it has an appropriate `as` value and it is preloaded intentionally. @ http://localhost:3000/projects:0
[  401353ms] [WARNING] The resource http://localhost:3000/trackstone-simulation.png was preloaded using link preload but not used within a few seconds from the window's load event. Please make sure it has an appropriate `as` value and it is preloaded intentionally. @ http://localhost:3000/projects:0
[  401353ms] [WARNING] The resource http://localhost:3000/nelio-delivery.png was preloaded using link preload but not used within a few seconds from the window's load event. Please make sure it has an appropriate `as` value and it is preloaded intentionally. @ http://localhost:3000/projects:0
[  401353ms] [WARNING] The resource http://localhost:3000/zoizo-mission.png was preloaded using link preload but not used within a few seconds from the window's load event. Please make sure it has an appropriate `as` value and it is preloaded intentionally. @ http://localhost:3000/projects:0
[  401353ms] [WARNING] The resource http://localhost:3000/softrh-article.png was preloaded using link preload but not used within a few seconds from the window's load event. Please make sure it has an appropriate `as` value and it is preloaded intentionally. @ http://localhost:3000/projects:0
[  401353ms] [WARNING] The resource http://localhost:3000/nelio-home.png was preloaded using link preload but not used within a few seconds from the window's load event. Please make sure it has an appropriate `as` value and it is preloaded intentionally. @ http://localhost:3000/projects:0
[  401353ms] [WARNING] The resource http://localhost:3000/photos/p3/5.jpeg was preloaded using link preload but not used within a few seconds from the window's load event. Please make sure it has an appropriate `as` value and it is preloaded intentionally. @ http://localhost:3000/projects:0
[  401353ms] [WARNING] The resource http://localhost:3000/zoizo-product.png was preloaded using link preload but not used within a few seconds from the window's load event. Please make sure it has an appropriate `as` value and it is preloaded intentionally. @ http://localhost:3000/projects:0
[  401353ms] [WARNING] The resource http://localhost:3000/hckrs-map.png was preloaded using link preload but not used within a few seconds from the window's load event. Please make sure it has an appropriate `as` value and it is preloaded intentionally. @ http://localhost:3000/projects:0
[  401354ms] [WARNING] The resource http://localhost:3000/hckrs-cards.png was preloaded using link preload but not used within a few seconds from the window's load event. Please make sure it has an appropriate `as` value and it is preloaded intentionally. @ http://localhost:3000/projects:0
[  401354ms] [WARNING] The resource http://localhost:3000/softrh-hrdb.png was preloaded using link preload but not used within a few seconds from the window's load event. Please make sure it has an appropriate `as` value and it is preloaded intentionally. @ http://localhost:3000/projects:0
[  401354ms] [WARNING] The resource http://localhost:3000/upfluence-campaigns.png was preloaded using link preload but not used within a few seconds from the window's load event. Please make sure it has an appropriate `as` value and it is preloaded intentionally. @ http://localhost:3000/projects:0
[  401354ms] [WARNING] The resource http://localhost:3000/nelio-app.png was preloaded using link preload but not used within a few seconds from the window's load event. Please make sure it has an appropriate `as` value and it is preloaded intentionally. @ http://localhost:3000/projects:0
[  401354ms] [WARNING] The resource http://localhost:3000/trackstone-landing.png was preloaded using link preload but not used within a few seconds from the window's load event. Please make sure it has an appropriate `as` value and it is preloaded intentionally. @ http://localhost:3000/projects:0
[  401354ms] [WARNING] The resource http://localhost:3000/hckrs-profile.png was preloaded using link preload but not used within a few seconds from the window's load event. Please make sure it has an appropriate `as` value and it is preloaded intentionally. @ http://localhost:3000/projects:0
[  401354ms] [WARNING] The resource http://localhost:3000/ensal-studio.png was preloaded using link preload but not used within a few seconds from the window's load event. Please make sure it has an appropriate `as` value and it is preloaded intentionally. @ http://localhost:3000/projects:0
[  405651ms] [WARNING] The resource http://localhost:3000/trackstone-property.png was preloaded using link preload but not used within a few seconds from the window's load event. Please make sure it has an appropriate `as` value and it is preloaded intentionally. @ http://localhost:3000/projects:0
[  405651ms] [WARNING] The resource http://localhost:3000/zoizo-hero.png was preloaded using link preload but not used within a few seconds from the window's load event. Please make sure it has an appropriate `as` value and it is preloaded intentionally. @ http://localhost:3000/projects:0
[  405651ms] [WARNING] The resource http://localhost:3000/trackstone-listings.png was preloaded using link preload but not used within a few seconds from the window's load event. Please make sure it has an appropriate `as` value and it is preloaded intentionally. @ http://localhost:3000/projects:0
[  405651ms] [WARNING] The resource http://localhost:3000/ensal-model.png was preloaded using link preload but not used within a few seconds from the window's load event. Please make sure it has an appropriate `as` value and it is preloaded intentionally. @ http://localhost:3000/projects:0
[  405651ms] [WARNING] The resource http://localhost:3000/hckrs-logo.png was preloaded using link preload but not used within a few seconds from the window's load event. Please make sure it has an appropriate `as` value and it is preloaded intentionally. @ http://localhost:3000/projects:0
[  405651ms] [WARNING] The resource http://localhost:3000/upfluence-wireframe.png was preloaded using link preload but not used within a few seconds from the window's load event. Please make sure it has an appropriate `as` value and it is preloaded intentionally. @ http://localhost:3000/projects:0
[  405651ms] [WARNING] The resource http://localhost:3000/oiko-login.png was preloaded using link preload but not used within a few seconds from the window's load event. Please make sure it has an appropriate `as` value and it is preloaded intentionally. @ http://localhost:3000/projects:0
[  405651ms] [WARNING] The resource http://localhost:3000/upfluence-dashboard.png was preloaded using link preload but not used within a few seconds from the window's load event. Please make sure it has an appropriate `as` value and it is preloaded intentionally. @ http://localhost:3000/projects:0
[  405651ms] [WARNING] The resource http://localhost:3000/trackstone-simulation.png was preloaded using link preload but not used within a few seconds from the window's load event. Please make sure it has an appropriate `as` value and it is preloaded intentionally. @ http://localhost:3000/projects:0
[  405651ms] [WARNING] The resource http://localhost:3000/nelio-delivery.png was preloaded using link preload but not used within a few seconds from the window's load event. Please make sure it has an appropriate `as` value and it is preloaded intentionally. @ http://localhost:3000/projects:0
[  405651ms] [WARNING] The resource http://localhost:3000/zoizo-mission.png was preloaded using link preload but not used within a few seconds from the window's load event. Please make sure it has an appropriate `as` value and it is preloaded intentionally. @ http://localhost:3000/projects:0
[  405651ms] [WARNING] The resource http://localhost:3000/softrh-article.png was preloaded using link preload but not used within a few seconds from the window's load event. Please make sure it has an appropriate `as` value and it is preloaded intentionally. @ http://localhost:3000/projects:0
[  405651ms] [WARNING] The resource http://localhost:3000/nelio-home.png was preloaded using link preload but not used within a few seconds from the window's load event. Please make sure it has an appropriate `as` value and it is preloaded intentionally. @ http://localhost:3000/projects:0
[  405651ms] [WARNING] The resource http://localhost:3000/photos/p3/5.jpeg was preloaded using link preload but not used within a few seconds from the window's load event. Please make sure it has an appropriate `as` value and it is preloaded intentionally. @ http://localhost:3000/projects:0
[  405651ms] [WARNING] The resource http://localhost:3000/zoizo-product.png was preloaded using link preload but not used within a few seconds from the window's load event. Please make sure it has an appropriate `as` value and it is preloaded intentionally. @ http://localhost:3000/projects:0
[  405651ms] [WARNING] The resource http://localhost:3000/hckrs-map.png was preloaded using link preload but not used within a few seconds from the window's load event. Please make sure it has an appropriate `as` value and it is preloaded intentionally. @ http://localhost:3000/projects:0
[  405651ms] [WARNING] The resource http://localhost:3000/hckrs-cards.png was preloaded using link preload but not used within a few seconds from the window's load event. Please make sure it has an appropriate `as` value and it is preloaded intentionally. @ http://localhost:3000/projects:0
[  405651ms] [WARNING] The resource http://localhost:3000/softrh-hrdb.png was preloaded using link preload but not used within a few seconds from the window's load event. Please make sure it has an appropriate `as` value and it is preloaded intentionally. @ http://localhost:3000/projects:0
[  405651ms] [WARNING] The resource http://localhost:3000/upfluence-campaigns.png was preloaded using link preload but not used within a few seconds from the window's load event. Please make sure it has an appropriate `as` value and it is preloaded intentionally. @ http://localhost:3000/projects:0
[  405651ms] [WARNING] The resource http://localhost:3000/nelio-app.png was preloaded using link preload but not used within a few seconds from the window's load event. Please make sure it has an appropriate `as` value and it is preloaded intentionally. @ http://localhost:3000/projects:0
[  405651ms] [WARNING] The resource http://localhost:3000/trackstone-landing.png was preloaded using link preload but not used within a few seconds from the window's load event. Please make sure it has an appropriate `as` value and it is preloaded intentionally. @ http://localhost:3000/projects:0
[  405651ms] [WARNING] The resource http://localhost:3000/hckrs-profile.png was preloaded using link preload but not used within a few seconds from the window's load event. Please make sure it has an appropriate `as` value and it is preloaded intentionally. @ http://localhost:3000/projects:0
[  405651ms] [WARNING] The resource http://localhost:3000/ensal-studio.png was preloaded using link preload but not used within a few seconds from the window's load event. Please make sure it has an appropriate `as` value and it is preloaded intentionally. @ http://localhost:3000/projects:0
[  409009ms] [WARNING] The resource http://localhost:3000/trackstone-property.png was preloaded using link preload but not used within a few seconds from the window's load event. Please make sure it has an appropriate `as` value and it is preloaded intentionally. @ http://localhost:3000/projects#rleads:0
[  409010ms] [WARNING] The resource http://localhost:3000/zoizo-hero.png was preloaded using link preload but not used within a few seconds from the window's load event. Please make sure it has an appropriate `as` value and it is preloaded intentionally. @ http://localhost:3000/projects#rleads:0
[  409010ms] [WARNING] The resource http://localhost:3000/trackstone-listings.png was preloaded using link preload but not used within a few seconds from the window's load event. Please make sure it has an appropriate `as` value and it is preloaded intentionally. @ http://localhost:3000/projects#rleads:0
[  409010ms] [WARNING] The resource http://localhost:3000/ensal-model.png was preloaded using link preload but not used within a few seconds from the window's load event. Please make sure it has an appropriate `as` value and it is preloaded intentionally. @ http://localhost:3000/projects#rleads:0
[  409010ms] [WARNING] The resource http://localhost:3000/hckrs-logo.png was preloaded using link preload but not used within a few seconds from the window's load event. Please make sure it has an appropriate `as` value and it is preloaded intentionally. @ http://localhost:3000/projects#rleads:0
[  409010ms] [WARNING] The resource http://localhost:3000/upfluence-wireframe.png was preloaded using link preload but not used within a few seconds from the window's load event. Please make sure it has an appropriate `as` value and it is preloaded intentionally. @ http://localhost:3000/projects#rleads:0
[  409010ms] [WARNING] The resource http://localhost:3000/oiko-login.png was preloaded using link preload but not used within a few seconds from the window's load event. Please make sure it has an appropriate `as` value and it is preloaded intentionally. @ http://localhost:3000/projects#rleads:0
[  409010ms] [WARNING] The resource http://localhost:3000/upfluence-dashboard.png was preloaded using link preload but not used within a few seconds from the window's load event. Please make sure it has an appropriate `as` value and it is preloaded intentionally. @ http://localhost:3000/projects#rleads:0
[  409010ms] [WARNING] The resource http://localhost:3000/trackstone-simulation.png was preloaded using link preload but not used within a few seconds from the window's load event. Please make sure it has an appropriate `as` value and it is preloaded intentionally. @ http://localhost:3000/projects#rleads:0
[  409010ms] [WARNING] The resource http://localhost:3000/nelio-delivery.png was preloaded using link preload but not used within a few seconds from the window's load event. Please make sure it has an appropriate `as` value and it is preloaded intentionally. @ http://localhost:3000/projects#rleads:0
[  409010ms] [WARNING] The resource http://localhost:3000/zoizo-mission.png was preloaded using link preload but not used within a few seconds from the window's load event. Please make sure it has an appropriate `as` value and it is preloaded intentionally. @ http://localhost:3000/projects#rleads:0
[  409010ms] [WARNING] The resource http://localhost:3000/softrh-article.png was preloaded using link preload but not used within a few seconds from the window's load event. Please make sure it has an appropriate `as` value and it is preloaded intentionally. @ http://localhost:3000/projects#rleads:0
[  409010ms] [WARNING] The resource http://localhost:3000/nelio-home.png was preloaded using link preload but not used within a few seconds from the window's load event. Please make sure it has an appropriate `as` value and it is preloaded intentionally. @ http://localhost:3000/projects#rleads:0
[  409010ms] [WARNING] The resource http://localhost:3000/photos/p3/5.jpeg was preloaded using link preload but not used within a few seconds from the window's load event. Please make sure it has an appropriate `as` value and it is preloaded intentionally. @ http://localhost:3000/projects#rleads:0
[  409010ms] [WARNING] The resource http://localhost:3000/zoizo-product.png was preloaded using link preload but not used within a few seconds from the window's load event. Please make sure it has an appropriate `as` value and it is preloaded intentionally. @ http://localhost:3000/projects#rleads:0
[  409010ms] [WARNING] The resource http://localhost:3000/hckrs-map.png was preloaded using link preload but not used within a few seconds from the window's load event. Please make sure it has an appropriate `as` value and it is preloaded intentionally. @ http://localhost:3000/projects#rleads:0
[  409010ms] [WARNING] The resource http://localhost:3000/hckrs-cards.png was preloaded using link preload but not used within a few seconds from the window's load event. Please make sure it has an appropriate `as` value and it is preloaded intentionally. @ http://localhost:3000/projects#rleads:0
[  409010ms] [WARNING] The resource http://localhost:3000/softrh-hrdb.png was preloaded using link preload but not used within a few seconds from the window's load event. Please make sure it has an appropriate `as` value and it is preloaded intentionally. @ http://localhost:3000/projects#rleads:0
[  409010ms] [WARNING] The resource http://localhost:3000/upfluence-campaigns.png was preloaded using link preload but not used within a few seconds from the window's load event. Please make sure it has an appropriate `as` value and it is preloaded intentionally. @ http://localhost:3000/projects#rleads:0
[  409010ms] [WARNING] The resource http://localhost:3000/nelio-app.png was preloaded using link preload but not used within a few seconds from the window's load event. Please make sure it has an appropriate `as` value and it is preloaded intentionally. @ http://localhost:3000/projects#rleads:0
[  409010ms] [WARNING] The resource http://localhost:3000/trackstone-landing.png was preloaded using link preload but not used within a few seconds from the window's load event. Please make sure it has an appropriate `as` value and it is preloaded intentionally. @ http://localhost:3000/projects#rleads:0
[  409010ms] [WARNING] The resource http://localhost:3000/hckrs-profile.png was preloaded using link preload but not used within a few seconds from the window's load event. Please make sure it has an appropriate `as` value and it is preloaded intentionally. @ http://localhost:3000/projects#rleads:0
[  409010ms] [WARNING] The resource http://localhost:3000/ensal-studio.png was preloaded using link preload but not used within a few seconds from the window's load event. Please make sure it has an appropriate `as` value and it is preloaded intentionally. @ http://localhost:3000/projects#rleads:0
[  421976ms] [WARNING] The resource http://localhost:3000/trackstone-property.png was preloaded using link preload but not used within a few seconds from the window's load event. Please make sure it has an appropriate `as` value and it is preloaded intentionally. @ http://localhost:3000/projects:0
[  421976ms] [WARNING] The resource http://localhost:3000/ensal-model.png was preloaded using link preload but not used within a few seconds from the window's load event. Please make sure it has an appropriate `as` value and it is preloaded intentionally. @ http://localhost:3000/projects:0
[  421976ms] [WARNING] The resource http://localhost:3000/trackstone-listings.png was preloaded using link preload but not used within a few seconds from the window's load event. Please make sure it has an appropriate `as` value and it is preloaded intentionally. @ http://localhost:3000/projects:0
[  421976ms] [WARNING] The resource http://localhost:3000/hckrs-map.png was preloaded using link preload but not used within a few seconds from the window's load event. Please make sure it has an appropriate `as` value and it is preloaded intentionally. @ http://localhost:3000/projects:0
[  421976ms] [WARNING] The resource http://localhost:3000/hckrs-logo.png was preloaded using link preload but not used within a few seconds from the window's load event. Please make sure it has an appropriate `as` value and it is preloaded intentionally. @ http://localhost:3000/projects:0
[  421976ms] [WARNING] The resource http://localhost:3000/upfluence-wireframe.png was preloaded using link preload but not used within a few seconds from the window's load event. Please make sure it has an appropriate `as` value and it is preloaded intentionally. @ http://localhost:3000/projects:0
[  421976ms] [WARNING] The resource http://localhost:3000/hckrs-cards.png was preloaded using link preload but not used within a few seconds from the window's load event. Please make sure it has an appropriate `as` value and it is preloaded intentionally. @ http://localhost:3000/projects:0
[  421976ms] [WARNING] The resource http://localhost:3000/oiko-login.png was preloaded using link preload but not used within a few seconds from the window's load event. Please make sure it has an appropriate `as` value and it is preloaded intentionally. @ http://localhost:3000/projects:0
[  421976ms] [WARNING] The resource http://localhost:3000/upfluence-dashboard.png was preloaded using link preload but not used within a few seconds from the window's load event. Please make sure it has an appropriate `as` value and it is preloaded intentionally. @ http://localhost:3000/projects:0
[  421976ms] [WARNING] The resource http://localhost:3000/softrh-hrdb.png was preloaded using link preload but not used within a few seconds from the window's load event. Please make sure it has an appropriate `as` value and it is preloaded intentionally. @ http://localhost:3000/projects:0
[  421976ms] [WARNING] The resource http://localhost:3000/upfluence-campaigns.png was preloaded using link preload but not used within a few seconds from the window's load event. Please make sure it has an appropriate `as` value and it is preloaded intentionally. @ http://localhost:3000/projects:0
[  421976ms] [WARNING] The resource http://localhost:3000/trackstone-simulation.png was preloaded using link preload but not used within a few seconds from the window's load event. Please make sure it has an appropriate `as` value and it is preloaded intentionally. @ http://localhost:3000/projects:0
[  421976ms] [WARNING] The resource http://localhost:3000/nelio-delivery.png was preloaded using link preload but not used within a few seconds from the window's load event. Please make sure it has an appropriate `as` value and it is preloaded intentionally. @ http://localhost:3000/projects:0
[  421976ms] [WARNING] The resource http://localhost:3000/nelio-app.png was preloaded using link preload but not used within a few seconds from the window's load event. Please make sure it has an appropriate `as` value and it is preloaded intentionally. @ http://localhost:3000/projects:0
[  421977ms] [WARNING] The resource http://localhost:3000/trackstone-landing.png was preloaded using link preload but not used within a few seconds from the window's load event. Please make sure it has an appropriate `as` value and it is preloaded intentionally. @ http://localhost:3000/projects:0
[  421977ms] [WARNING] The resource http://localhost:3000/hckrs-profile.png was preloaded using link preload but not used within a few seconds from the window's load event. Please make sure it has an appropriate `as` value and it is preloaded intentionally. @ http://localhost:3000/projects:0
[  421977ms] [WARNING] The resource http://localhost:3000/softrh-article.png was preloaded using link preload but not used within a few seconds from the window's load event. Please make sure it has an appropriate `as` value and it is preloaded intentionally. @ http://localhost:3000/projects:0
[  421977ms] [WARNING] The resource http://localhost:3000/ensal-studio.png was preloaded using link preload but not used within a few seconds from the window's load event. Please make sure it has an appropriate `as` value and it is preloaded intentionally. @ http://localhost:3000/projects:0
[  421977ms] [WARNING] The resource http://localhost:3000/nelio-home.png was preloaded using link preload but not used within a few seconds from the window's load event. Please make sure it has an appropriate `as` value and it is preloaded intentionally. @ http://localhost:3000/projects:0
[  421977ms] [WARNING] The resource http://localhost:3000/photos/p3/5.jpeg was preloaded using link preload but not used within a few seconds from the window's load event. Please make sure it has an appropriate `as` value and it is preloaded intentionally. @ http://localhost:3000/projects:0
